<?xml version="1.0" encoding="UTF-8"?>
<!-- Generated by org.testng.reporters.JUnitReportReporter -->
<testsuite hostname="Vijay-PC" name="h.NewTest2" tests="3" failures="0" timestamp="20 Sep 2017 06:28:18 GMT" time="0.052" errors="0">
  <testcase name="h" time="0.006" classname="h.NewTest2"/>
  <testcase name="f" time="0.042" classname="h.NewTest2"/>
  <testcase name="er" time="0.004" classname="h.NewTest2"/>
</testsuite> <!-- h.NewTest2 -->
