<?xml version="1.0" encoding="UTF-8"?>
<!-- Generated by org.testng.reporters.JUnitReportReporter -->
<testsuite hostname="Vijay-PC" name="h.ScrollDown" tests="1" failures="0" timestamp="3 Oct 2017 07:32:48 GMT" time="24.018" errors="0">
  <testcase name="ScrollPage" time="24.018" classname="h.ScrollDown"/>
</testsuite> <!-- h.ScrollDown -->
